2023-01-08 17:55:45,635 INFO o.a.j.u.JMeterUtils: Setting Locale to en_EN
2023-01-08 17:55:45,657 INFO o.a.j.JMeter: Loading additional properties from: C:\Users\dimap\IdeaProjects\spd-jmeter-tests\jmeter_manual_gui_run\spd-local.properties
2023-01-08 17:55:45,658 WARN o.a.j.JMeter: Can't find additional property file: C:\Users\dimap\IdeaProjects\spd-jmeter-tests\jmeter_manual_gui_run\spd-local.properties
java.io.FileNotFoundException: C:\Users\dimap\IdeaProjects\spd-jmeter-tests\jmeter_manual_gui_run\spd-local.properties (Не удается найти указанный файл)
	at java.io.FileInputStream.open0(Native Method) ~[?:?]
	at java.io.FileInputStream.open(FileInputStream.java:216) ~[?:?]
	at java.io.FileInputStream.<init>(FileInputStream.java:157) ~[?:?]
	at org.apache.jmeter.JMeter.initializeProperties(JMeter.java:777) ~[ApacheJMeter_core.jar:5.5]
	at org.apache.jmeter.JMeter.start(JMeter.java:379) ~[ApacheJMeter_core.jar:5.5]
	at jdk.internal.reflect.NativeMethodAccessorImpl.invoke0(Native Method) ~[?:?]
	at jdk.internal.reflect.NativeMethodAccessorImpl.invoke(NativeMethodAccessorImpl.java:77) ~[?:?]
	at jdk.internal.reflect.DelegatingMethodAccessorImpl.invoke(DelegatingMethodAccessorImpl.java:43) ~[?:?]
	at java.lang.reflect.Method.invoke(Method.java:568) ~[?:?]
	at org.apache.jmeter.NewDriver.main(NewDriver.java:259) ~[ApacheJMeter.jar:5.5]
2023-01-08 17:55:45,667 INFO o.a.j.JMeter: Setting JMeter property: search_paths=C:\Users\dimap\IdeaProjects\spd-jmeter-tests\target
2023-01-08 17:55:45,667 INFO o.a.j.JMeter: Setting JMeter property: Username=rootroot
2023-01-08 17:55:45,667 INFO o.a.j.JMeter: Setting JMeter property: Password=rootroot
2023-01-08 17:55:45,673 INFO o.a.j.JMeter: Copyright (c) 1998-2022 The Apache Software Foundation
2023-01-08 17:55:45,673 INFO o.a.j.JMeter: Version 5.5
2023-01-08 17:55:45,673 INFO o.a.j.JMeter: java.version=17.0.2
2023-01-08 17:55:45,673 INFO o.a.j.JMeter: java.vm.name=Java HotSpot(TM) 64-Bit Server VM
2023-01-08 17:55:45,673 INFO o.a.j.JMeter: os.name=Windows 11
2023-01-08 17:55:45,673 INFO o.a.j.JMeter: os.arch=amd64
2023-01-08 17:55:45,673 INFO o.a.j.JMeter: os.version=10.0
2023-01-08 17:55:45,673 INFO o.a.j.JMeter: file.encoding=Cp1251
2023-01-08 17:55:45,673 INFO o.a.j.JMeter: java.awt.headless=null
2023-01-08 17:55:45,673 INFO o.a.j.JMeter: Max memory     =1073741824
2023-01-08 17:55:45,673 INFO o.a.j.JMeter: Available Processors =16
2023-01-08 17:55:45,682 INFO o.a.j.JMeter: Default Locale=English (EN)
2023-01-08 17:55:45,682 INFO o.a.j.JMeter: JMeter  Locale=English (EN)
2023-01-08 17:55:45,682 INFO o.a.j.JMeter: JMeterHome=C:\apache-jmeter-5.5
2023-01-08 17:55:45,682 INFO o.a.j.JMeter: user.dir  =C:\Users\dimap\IdeaProjects\spd-jmeter-tests\jmeter_manual_gui_run
2023-01-08 17:55:45,682 INFO o.a.j.JMeter: PWD       =C:\Users\dimap\IdeaProjects\spd-jmeter-tests\jmeter_manual_gui_run
2023-01-08 17:55:45,683 INFO o.a.j.JMeter: IP: 192.168.0.149 Name: PetrenkoD FullName: host.docker.internal
2023-01-08 17:55:45,683 INFO o.a.j.JMeter: search_paths=C:\Users\dimap\IdeaProjects\spd-jmeter-tests\target
2023-01-08 17:55:45,684 WARN o.a.j.JMeter: Can't read C:\Users\dimap\IdeaProjects\spd-jmeter-tests\target
2023-01-08 17:55:45,692 INFO o.a.j.JMeter: Loaded icon properties from org/apache/jmeter/images/icon.properties
2023-01-08 17:55:45,869 INFO o.a.j.JMeterGuiLauncher: Setting LAF to: com.github.weisj.darklaf.DarkLaf:com.github.weisj.darklaf.theme.IntelliJTheme
2023-01-08 17:55:47,145 INFO o.a.j.JMeterGuiLauncher: Loading file: C:\Users\dimap\IdeaProjects\spd-jmeter-tests\src\test\jmeter\spd\spd.jmx
2023-01-08 17:55:47,146 INFO o.a.j.s.FileServer: Default base='C:\Users\dimap\IdeaProjects\spd-jmeter-tests\jmeter_manual_gui_run'
2023-01-08 17:55:47,147 INFO o.a.j.s.FileServer: Set new base='C:\Users\dimap\IdeaProjects\spd-jmeter-tests\src\test\jmeter\spd'
2023-01-08 17:55:47,333 INFO o.a.j.s.SaveService: Testplan (JMX) version: 2.2. Testlog (JTL) version: 2.2
2023-01-08 17:55:47,367 INFO o.a.j.s.SaveService: Using SaveService properties version 5.0
2023-01-08 17:55:47,369 INFO o.a.j.s.SaveService: Using SaveService properties file encoding UTF-8
2023-01-08 17:55:47,370 INFO o.a.j.s.SaveService: Loading file: C:\Users\dimap\IdeaProjects\spd-jmeter-tests\src\test\jmeter\spd\spd.jmx
2023-01-08 17:55:47,457 INFO o.a.j.s.FileServer: Set new base='C:\Users\dimap\IdeaProjects\spd-jmeter-tests\src\test\jmeter\spd'
2023-01-08 17:55:48,155 INFO o.a.j.s.SampleResult: Note: Sample TimeStamps are END times
2023-01-08 17:55:48,156 INFO o.a.j.s.SampleResult: sampleresult.default.encoding is set to ISO-8859-1
2023-01-08 17:55:48,156 INFO o.a.j.s.SampleResult: sampleresult.useNanoTime=true
2023-01-08 17:55:48,156 INFO o.a.j.s.SampleResult: sampleresult.nanoThreadSleep=5000
2023-01-08 17:55:48,277 INFO o.a.j.v.ViewResultsFullVisualizer: Add JavaFX to your Java installation if you want to use renderer: org.apache.jmeter.visualizers.RenderInBrowser
2023-01-08 17:56:00,681 INFO o.a.j.e.KeyToolUtils: keytool found at 'keytool'
2023-01-08 17:56:00,681 INFO o.a.j.p.h.p.ProxyControl: HTTP(S) Test Script Recorder SSL Proxy will use keys that support embedded 3rd party resources in file C:\apache-jmeter-5.5\bin\proxyserver.jks
2023-01-08 17:56:00,752 INFO o.a.j.v.ViewResultsFullVisualizer: Add JavaFX to your Java installation if you want to use renderer: org.apache.jmeter.visualizers.RenderInBrowser
2023-01-08 18:00:15,522 INFO o.a.j.e.StandardJMeterEngine: Running the test!
2023-01-08 18:00:15,523 INFO o.a.j.s.SampleEvent: List of sample_variables: []
2023-01-08 18:00:15,523 INFO o.a.j.s.SampleEvent: List of sample_variables: []
2023-01-08 18:00:15,605 INFO o.a.j.g.u.JMeterMenuBar: setRunning(true, *local*)
2023-01-08 18:00:15,633 INFO o.a.j.e.StandardJMeterEngine: Starting ThreadGroup: 1 : Thread 01 - Spd
2023-01-08 18:00:15,633 INFO o.a.j.e.StandardJMeterEngine: Starting 1 threads for group Thread 01 - Spd.
2023-01-08 18:00:15,633 INFO o.a.j.e.StandardJMeterEngine: Thread will continue on error
2023-01-08 18:00:15,633 INFO o.a.j.t.ThreadGroup: Starting thread group... number=1 threads=1 ramp-up=1 delayedStart=false
2023-01-08 18:00:15,636 INFO o.a.j.t.ThreadGroup: Started thread group number 1
2023-01-08 18:00:15,637 INFO o.a.j.e.StandardJMeterEngine: All thread groups have been started
2023-01-08 18:00:15,639 INFO o.a.j.t.JMeterThread: Thread started: Thread 01 - Spd 1-1
2023-01-08 18:00:15,783 INFO o.a.j.p.h.s.HTTPHCAbstractImpl: Local host = PetrenkoD
2023-01-08 18:00:15,787 INFO o.a.j.p.h.s.HTTPHC4Impl: HTTP request retry count = 0
2023-01-08 18:00:16,179 INFO o.a.j.p.h.s.HTTPHC4Impl: Content-Header is set already on the request! Will be replaced by a Multipart-Header. Old headers: [Content-Type: application/json]
2023-01-08 18:00:16,181 INFO o.a.j.s.FileServer: Stored: C:\Users\dimap\Downloads\test.bin
2023-01-08 18:00:18,664 INFO o.a.j.t.JMeterThread: Thread is done: Thread 01 - Spd 1-1
2023-01-08 18:00:18,664 INFO o.a.j.t.JMeterThread: Thread finished: Thread 01 - Spd 1-1
2023-01-08 18:00:18,665 INFO o.a.j.e.StandardJMeterEngine: Notifying test listeners of end of test
2023-01-08 18:00:18,666 INFO o.a.j.g.u.JMeterMenuBar: setRunning(false, *local*)
2023-01-08 18:03:00,013 INFO o.a.j.e.StandardJMeterEngine: Running the test!
2023-01-08 18:03:00,014 INFO o.a.j.s.SampleEvent: List of sample_variables: []
2023-01-08 18:03:00,017 INFO o.a.j.g.u.JMeterMenuBar: setRunning(true, *local*)
2023-01-08 18:03:00,055 INFO o.a.j.e.StandardJMeterEngine: Starting ThreadGroup: 1 : Thread 01 - Spd
2023-01-08 18:03:00,055 INFO o.a.j.e.StandardJMeterEngine: Starting 1 threads for group Thread 01 - Spd.
2023-01-08 18:03:00,055 INFO o.a.j.e.StandardJMeterEngine: Thread will continue on error
2023-01-08 18:03:00,055 INFO o.a.j.t.ThreadGroup: Starting thread group... number=1 threads=1 ramp-up=1 delayedStart=false
2023-01-08 18:03:00,056 INFO o.a.j.t.ThreadGroup: Started thread group number 1
2023-01-08 18:03:00,056 INFO o.a.j.e.StandardJMeterEngine: All thread groups have been started
2023-01-08 18:03:00,057 INFO o.a.j.t.JMeterThread: Thread started: Thread 01 - Spd 1-1
2023-01-08 18:03:07,128 INFO o.a.j.p.h.s.HTTPHC4Impl: Content-Header is set already on the request! Will be replaced by a Multipart-Header. Old headers: [Content-Type: application/json]
2023-01-08 18:03:07,128 INFO o.a.j.s.FileServer: Stored: C:\Users\dimap\Downloads\test.bin
2023-01-08 18:03:07,392 INFO o.a.j.t.JMeterThread: Thread is done: Thread 01 - Spd 1-1
2023-01-08 18:03:07,393 INFO o.a.j.t.JMeterThread: Thread finished: Thread 01 - Spd 1-1
2023-01-08 18:03:07,393 INFO o.a.j.e.StandardJMeterEngine: Notifying test listeners of end of test
2023-01-08 18:03:07,394 INFO o.a.j.g.u.JMeterMenuBar: setRunning(false, *local*)
2023-01-08 18:03:19,056 INFO o.a.j.e.StandardJMeterEngine: Running the test!
2023-01-08 18:03:19,057 INFO o.a.j.s.SampleEvent: List of sample_variables: []
2023-01-08 18:03:19,059 INFO o.a.j.g.u.JMeterMenuBar: setRunning(true, *local*)
2023-01-08 18:03:19,091 INFO o.a.j.e.StandardJMeterEngine: Starting ThreadGroup: 1 : Thread 01 - Spd
2023-01-08 18:03:19,091 INFO o.a.j.e.StandardJMeterEngine: Starting 1 threads for group Thread 01 - Spd.
2023-01-08 18:03:19,091 INFO o.a.j.e.StandardJMeterEngine: Thread will continue on error
2023-01-08 18:03:19,091 INFO o.a.j.t.ThreadGroup: Starting thread group... number=1 threads=1 ramp-up=1 delayedStart=false
2023-01-08 18:03:19,093 INFO o.a.j.t.ThreadGroup: Started thread group number 1
2023-01-08 18:03:19,093 INFO o.a.j.e.StandardJMeterEngine: All thread groups have been started
2023-01-08 18:03:19,094 INFO o.a.j.t.JMeterThread: Thread started: Thread 01 - Spd 1-1
2023-01-08 18:03:19,440 INFO o.a.j.p.h.s.HTTPHC4Impl: Content-Header is set already on the request! Will be replaced by a Multipart-Header. Old headers: [Content-Type: application/json]
2023-01-08 18:03:19,440 INFO o.a.j.s.FileServer: Stored: C:\Users\dimap\Downloads\test.bin
2023-01-08 18:03:19,485 INFO o.a.j.t.JMeterThread: Thread is done: Thread 01 - Spd 1-1
2023-01-08 18:03:19,485 INFO o.a.j.t.JMeterThread: Thread finished: Thread 01 - Spd 1-1
2023-01-08 18:03:19,485 INFO o.a.j.e.StandardJMeterEngine: Notifying test listeners of end of test
2023-01-08 18:03:19,486 INFO o.a.j.g.u.JMeterMenuBar: setRunning(false, *local*)
2023-01-08 18:05:33,947 INFO o.a.j.e.StandardJMeterEngine: Running the test!
2023-01-08 18:05:33,947 INFO o.a.j.s.SampleEvent: List of sample_variables: []
2023-01-08 18:05:33,949 INFO o.a.j.g.u.JMeterMenuBar: setRunning(true, *local*)
2023-01-08 18:05:33,977 INFO o.a.j.e.StandardJMeterEngine: Starting ThreadGroup: 1 : Thread 01 - Spd
2023-01-08 18:05:33,977 INFO o.a.j.e.StandardJMeterEngine: Starting 1 threads for group Thread 01 - Spd.
2023-01-08 18:05:33,977 INFO o.a.j.e.StandardJMeterEngine: Thread will continue on error
2023-01-08 18:05:33,977 INFO o.a.j.t.ThreadGroup: Starting thread group... number=1 threads=1 ramp-up=1 delayedStart=false
2023-01-08 18:05:33,977 INFO o.a.j.t.ThreadGroup: Started thread group number 1
2023-01-08 18:05:33,977 INFO o.a.j.e.StandardJMeterEngine: All thread groups have been started
2023-01-08 18:05:33,978 INFO o.a.j.t.JMeterThread: Thread started: Thread 01 - Spd 1-1
2023-01-08 18:05:35,971 INFO o.a.j.p.h.s.HTTPHC4Impl: Content-Header is set already on the request! Will be replaced by a Multipart-Header. Old headers: [Content-Type: application/json]
2023-01-08 18:05:35,971 INFO o.a.j.s.FileServer: Stored: C:\Users\dimap\Downloads\test.bin
2023-01-08 18:05:36,555 INFO o.a.j.t.JMeterThread: Thread is done: Thread 01 - Spd 1-1
2023-01-08 18:05:36,556 INFO o.a.j.t.JMeterThread: Thread finished: Thread 01 - Spd 1-1
2023-01-08 18:05:36,556 INFO o.a.j.e.StandardJMeterEngine: Notifying test listeners of end of test
2023-01-08 18:05:36,557 INFO o.a.j.g.u.JMeterMenuBar: setRunning(false, *local*)
2023-01-08 18:05:58,137 INFO o.a.j.e.StandardJMeterEngine: Running the test!
2023-01-08 18:05:58,137 INFO o.a.j.s.SampleEvent: List of sample_variables: []
2023-01-08 18:05:58,138 INFO o.a.j.g.u.JMeterMenuBar: setRunning(true, *local*)
2023-01-08 18:05:58,167 INFO o.a.j.e.StandardJMeterEngine: Starting ThreadGroup: 1 : Thread 01 - Spd
2023-01-08 18:05:58,167 INFO o.a.j.e.StandardJMeterEngine: Starting 1 threads for group Thread 01 - Spd.
2023-01-08 18:05:58,167 INFO o.a.j.e.StandardJMeterEngine: Thread will continue on error
2023-01-08 18:05:58,167 INFO o.a.j.t.ThreadGroup: Starting thread group... number=1 threads=1 ramp-up=1 delayedStart=false
2023-01-08 18:05:58,168 INFO o.a.j.t.ThreadGroup: Started thread group number 1
2023-01-08 18:05:58,168 INFO o.a.j.e.StandardJMeterEngine: All thread groups have been started
2023-01-08 18:05:58,168 INFO o.a.j.t.JMeterThread: Thread started: Thread 01 - Spd 1-1
2023-01-08 18:05:59,062 INFO o.a.j.p.h.s.HTTPHC4Impl: Content-Header is set already on the request! Will be replaced by a Multipart-Header. Old headers: [Content-Type: application/json]
2023-01-08 18:05:59,062 INFO o.a.j.s.FileServer: Stored: C:\Users\dimap\Downloads\test.bin
2023-01-08 18:05:59,865 INFO o.a.j.t.JMeterThread: Thread is done: Thread 01 - Spd 1-1
2023-01-08 18:05:59,866 INFO o.a.j.t.JMeterThread: Thread finished: Thread 01 - Spd 1-1
2023-01-08 18:05:59,866 INFO o.a.j.e.StandardJMeterEngine: Notifying test listeners of end of test
2023-01-08 18:05:59,866 INFO o.a.j.g.u.JMeterMenuBar: setRunning(false, *local*)
2023-01-08 18:10:34,648 INFO o.a.j.e.StandardJMeterEngine: Running the test!
2023-01-08 18:10:34,648 INFO o.a.j.s.SampleEvent: List of sample_variables: []
2023-01-08 18:10:34,649 INFO o.a.j.g.u.JMeterMenuBar: setRunning(true, *local*)
2023-01-08 18:10:34,676 INFO o.a.j.e.StandardJMeterEngine: Starting ThreadGroup: 1 : Thread 01 - Spd
2023-01-08 18:10:34,676 INFO o.a.j.e.StandardJMeterEngine: Starting 1 threads for group Thread 01 - Spd.
2023-01-08 18:10:34,676 INFO o.a.j.e.StandardJMeterEngine: Thread will continue on error
2023-01-08 18:10:34,676 INFO o.a.j.t.ThreadGroup: Starting thread group... number=1 threads=1 ramp-up=1 delayedStart=false
2023-01-08 18:10:34,677 INFO o.a.j.t.ThreadGroup: Started thread group number 1
2023-01-08 18:10:34,677 INFO o.a.j.e.StandardJMeterEngine: All thread groups have been started
2023-01-08 18:10:34,677 INFO o.a.j.t.JMeterThread: Thread started: Thread 01 - Spd 1-1
2023-01-08 18:10:38,401 INFO o.a.j.p.h.s.HTTPHC4Impl: Content-Header is set already on the request! Will be replaced by a Multipart-Header. Old headers: [Content-Type: application/json]
2023-01-08 18:10:38,401 INFO o.a.j.s.FileServer: Stored: C:\Users\dimap\Downloads\test.bin
2023-01-08 18:10:38,471 INFO o.a.j.t.JMeterThread: Thread is done: Thread 01 - Spd 1-1
2023-01-08 18:10:38,471 INFO o.a.j.t.JMeterThread: Thread finished: Thread 01 - Spd 1-1
2023-01-08 18:10:38,472 INFO o.a.j.e.StandardJMeterEngine: Notifying test listeners of end of test
2023-01-08 18:10:38,472 INFO o.a.j.g.u.JMeterMenuBar: setRunning(false, *local*)
2023-01-08 18:13:00,714 INFO o.a.j.e.StandardJMeterEngine: Running the test!
2023-01-08 18:13:00,714 INFO o.a.j.s.SampleEvent: List of sample_variables: []
2023-01-08 18:13:00,715 INFO o.a.j.g.u.JMeterMenuBar: setRunning(true, *local*)
2023-01-08 18:13:00,745 INFO o.a.j.e.StandardJMeterEngine: Starting ThreadGroup: 1 : Thread 01 - Spd
2023-01-08 18:13:00,745 INFO o.a.j.e.StandardJMeterEngine: Starting 1 threads for group Thread 01 - Spd.
2023-01-08 18:13:00,745 INFO o.a.j.e.StandardJMeterEngine: Thread will continue on error
2023-01-08 18:13:00,745 INFO o.a.j.t.ThreadGroup: Starting thread group... number=1 threads=1 ramp-up=1 delayedStart=false
2023-01-08 18:13:00,746 INFO o.a.j.t.ThreadGroup: Started thread group number 1
2023-01-08 18:13:00,746 INFO o.a.j.e.StandardJMeterEngine: All thread groups have been started
2023-01-08 18:13:00,747 INFO o.a.j.t.JMeterThread: Thread started: Thread 01 - Spd 1-1
2023-01-08 18:13:04,465 INFO o.a.j.p.h.s.HTTPHC4Impl: Content-Header is set already on the request! Will be replaced by a Multipart-Header. Old headers: [Content-Type: application/json]
2023-01-08 18:13:04,465 INFO o.a.j.s.FileServer: Stored: C:\Users\dimap\Downloads\test.bin
2023-01-08 18:13:04,522 INFO o.a.j.t.JMeterThread: Thread is done: Thread 01 - Spd 1-1
2023-01-08 18:13:04,522 INFO o.a.j.t.JMeterThread: Thread finished: Thread 01 - Spd 1-1
2023-01-08 18:13:04,523 INFO o.a.j.e.StandardJMeterEngine: Notifying test listeners of end of test
2023-01-08 18:13:04,524 INFO o.a.j.g.u.JMeterMenuBar: setRunning(false, *local*)
2023-01-08 18:17:55,360 INFO o.a.j.e.StandardJMeterEngine: Running the test!
2023-01-08 18:17:55,360 INFO o.a.j.s.SampleEvent: List of sample_variables: []
2023-01-08 18:17:55,364 INFO o.a.j.g.u.JMeterMenuBar: setRunning(true, *local*)
2023-01-08 18:17:55,402 INFO o.a.j.e.StandardJMeterEngine: Starting ThreadGroup: 1 : Thread 01 - Spd
2023-01-08 18:17:55,402 INFO o.a.j.e.StandardJMeterEngine: Starting 1 threads for group Thread 01 - Spd.
2023-01-08 18:17:55,402 INFO o.a.j.e.StandardJMeterEngine: Thread will continue on error
2023-01-08 18:17:55,402 INFO o.a.j.t.ThreadGroup: Starting thread group... number=1 threads=1 ramp-up=1 delayedStart=false
2023-01-08 18:17:55,402 INFO o.a.j.t.ThreadGroup: Started thread group number 1
2023-01-08 18:17:55,402 INFO o.a.j.e.StandardJMeterEngine: All thread groups have been started
2023-01-08 18:17:55,403 INFO o.a.j.t.JMeterThread: Thread started: Thread 01 - Spd 1-1
2023-01-08 18:17:59,106 INFO o.a.j.p.h.s.HTTPHC4Impl: Content-Header is set already on the request! Will be replaced by a Multipart-Header. Old headers: [Content-Type: application/json]
2023-01-08 18:17:59,106 INFO o.a.j.s.FileServer: Stored: C:\Users\dimap\Downloads\test.bin
2023-01-08 18:17:59,152 INFO o.a.j.t.JMeterThread: Thread is done: Thread 01 - Spd 1-1
2023-01-08 18:17:59,152 INFO o.a.j.t.JMeterThread: Thread finished: Thread 01 - Spd 1-1
2023-01-08 18:17:59,153 INFO o.a.j.e.StandardJMeterEngine: Notifying test listeners of end of test
2023-01-08 18:17:59,153 INFO o.a.j.g.u.JMeterMenuBar: setRunning(false, *local*)
2023-01-08 19:52:38,039 INFO o.a.j.e.StandardJMeterEngine: Running the test!
2023-01-08 19:52:38,042 INFO o.a.j.s.SampleEvent: List of sample_variables: []
2023-01-08 19:52:38,045 INFO o.a.j.g.u.JMeterMenuBar: setRunning(true, *local*)
2023-01-08 19:52:38,107 INFO o.a.j.e.StandardJMeterEngine: Starting ThreadGroup: 1 : Thread 01 - Spd
2023-01-08 19:52:38,107 INFO o.a.j.e.StandardJMeterEngine: Starting 1 threads for group Thread 01 - Spd.
2023-01-08 19:52:38,107 INFO o.a.j.e.StandardJMeterEngine: Thread will continue on error
2023-01-08 19:52:38,107 INFO o.a.j.t.ThreadGroup: Starting thread group... number=1 threads=1 ramp-up=1 delayedStart=false
2023-01-08 19:52:38,108 INFO o.a.j.t.ThreadGroup: Started thread group number 1
2023-01-08 19:52:38,108 INFO o.a.j.e.StandardJMeterEngine: All thread groups have been started
2023-01-08 19:52:38,108 INFO o.a.j.t.JMeterThread: Thread started: Thread 01 - Spd 1-1
2023-01-08 19:52:42,589 INFO o.a.j.p.h.s.HTTPHC4Impl: Content-Header is set already on the request! Will be replaced by a Multipart-Header. Old headers: [Content-Type: application/json]
2023-01-08 19:52:42,589 INFO o.a.j.s.FileServer: Stored: C:\Users\dimap\Downloads\test.bin
2023-01-08 19:52:48,893 INFO o.a.j.t.JMeterThread: Thread is done: Thread 01 - Spd 1-1
2023-01-08 19:52:48,893 INFO o.a.j.t.JMeterThread: Thread finished: Thread 01 - Spd 1-1
2023-01-08 19:52:48,893 INFO o.a.j.e.StandardJMeterEngine: Notifying test listeners of end of test
2023-01-08 19:52:48,894 INFO o.a.j.g.u.JMeterMenuBar: setRunning(false, *local*)
2023-01-08 19:54:54,392 INFO o.a.j.e.StandardJMeterEngine: Running the test!
2023-01-08 19:54:54,392 INFO o.a.j.s.SampleEvent: List of sample_variables: []
2023-01-08 19:54:54,393 INFO o.a.j.g.u.JMeterMenuBar: setRunning(true, *local*)
2023-01-08 19:54:54,429 INFO o.a.j.e.StandardJMeterEngine: Starting ThreadGroup: 1 : Thread 01 - Spd
2023-01-08 19:54:54,429 INFO o.a.j.e.StandardJMeterEngine: Starting 1 threads for group Thread 01 - Spd.
2023-01-08 19:54:54,429 INFO o.a.j.e.StandardJMeterEngine: Thread will continue on error
2023-01-08 19:54:54,429 INFO o.a.j.t.ThreadGroup: Starting thread group... number=1 threads=1 ramp-up=1 delayedStart=false
2023-01-08 19:54:54,430 INFO o.a.j.t.ThreadGroup: Started thread group number 1
2023-01-08 19:54:54,430 INFO o.a.j.e.StandardJMeterEngine: All thread groups have been started
2023-01-08 19:54:54,431 INFO o.a.j.t.JMeterThread: Thread started: Thread 01 - Spd 1-1
2023-01-08 19:55:04,609 INFO o.a.j.p.h.s.HTTPHC4Impl: Content-Header is set already on the request! Will be replaced by a Multipart-Header. Old headers: [Content-Type: application/json]
2023-01-08 19:55:04,609 INFO o.a.j.s.FileServer: Stored: C:\Users\dimap\Downloads\test.bin
2023-01-08 19:55:04,680 INFO o.a.j.t.JMeterThread: Thread is done: Thread 01 - Spd 1-1
2023-01-08 19:55:04,680 INFO o.a.j.t.JMeterThread: Thread finished: Thread 01 - Spd 1-1
2023-01-08 19:55:04,681 INFO o.a.j.e.StandardJMeterEngine: Notifying test listeners of end of test
2023-01-08 19:55:04,681 INFO o.a.j.g.u.JMeterMenuBar: setRunning(false, *local*)
2023-01-08 19:56:18,766 INFO o.a.j.e.StandardJMeterEngine: Running the test!
2023-01-08 19:56:18,766 INFO o.a.j.s.SampleEvent: List of sample_variables: []
2023-01-08 19:56:18,767 INFO o.a.j.g.u.JMeterMenuBar: setRunning(true, *local*)
2023-01-08 19:56:18,800 INFO o.a.j.e.StandardJMeterEngine: Starting ThreadGroup: 1 : Thread 01 - Spd
2023-01-08 19:56:18,800 INFO o.a.j.e.StandardJMeterEngine: Starting 1 threads for group Thread 01 - Spd.
2023-01-08 19:56:18,800 INFO o.a.j.e.StandardJMeterEngine: Thread will continue on error
2023-01-08 19:56:18,800 INFO o.a.j.t.ThreadGroup: Starting thread group... number=1 threads=1 ramp-up=1 delayedStart=false
2023-01-08 19:56:18,800 INFO o.a.j.t.ThreadGroup: Started thread group number 1
2023-01-08 19:56:18,800 INFO o.a.j.e.StandardJMeterEngine: All thread groups have been started
2023-01-08 19:56:18,801 INFO o.a.j.t.JMeterThread: Thread started: Thread 01 - Spd 1-1
2023-01-08 19:56:19,114 INFO o.a.j.p.h.s.HTTPHC4Impl: Content-Header is set already on the request! Will be replaced by a Multipart-Header. Old headers: [Content-Type: application/json]
2023-01-08 19:56:19,114 INFO o.a.j.s.FileServer: Stored: C:\Users\dimap\Downloads\test.bin
2023-01-08 19:56:19,179 INFO o.a.j.t.JMeterThread: Thread is done: Thread 01 - Spd 1-1
2023-01-08 19:56:19,179 INFO o.a.j.t.JMeterThread: Thread finished: Thread 01 - Spd 1-1
2023-01-08 19:56:19,179 INFO o.a.j.e.StandardJMeterEngine: Notifying test listeners of end of test
2023-01-08 19:56:19,179 INFO o.a.j.g.u.JMeterMenuBar: setRunning(false, *local*)
2023-01-08 20:03:05,266 INFO o.a.j.e.StandardJMeterEngine: Running the test!
2023-01-08 20:03:05,266 INFO o.a.j.s.SampleEvent: List of sample_variables: []
2023-01-08 20:03:05,267 INFO o.a.j.g.u.JMeterMenuBar: setRunning(true, *local*)
2023-01-08 20:03:05,298 INFO o.a.j.e.StandardJMeterEngine: Starting ThreadGroup: 1 : Thread 01 - Spd
2023-01-08 20:03:05,298 INFO o.a.j.e.StandardJMeterEngine: Starting 1 threads for group Thread 01 - Spd.
2023-01-08 20:03:05,298 INFO o.a.j.e.StandardJMeterEngine: Thread will continue on error
2023-01-08 20:03:05,298 INFO o.a.j.t.ThreadGroup: Starting thread group... number=1 threads=1 ramp-up=1 delayedStart=false
2023-01-08 20:03:05,299 INFO o.a.j.t.ThreadGroup: Started thread group number 1
2023-01-08 20:03:05,299 INFO o.a.j.e.StandardJMeterEngine: All thread groups have been started
2023-01-08 20:03:05,300 INFO o.a.j.t.JMeterThread: Thread started: Thread 01 - Spd 1-1
2023-01-08 20:03:05,642 INFO o.a.j.p.h.s.HTTPHC4Impl: Content-Header is set already on the request! Will be replaced by a Multipart-Header. Old headers: [Content-Type: application/json]
2023-01-08 20:03:05,642 INFO o.a.j.s.FileServer: Stored: C:\Users\dimap\Downloads\test.bin
2023-01-08 20:03:05,712 INFO o.a.j.t.JMeterThread: Thread is done: Thread 01 - Spd 1-1
2023-01-08 20:03:05,712 INFO o.a.j.t.JMeterThread: Thread finished: Thread 01 - Spd 1-1
2023-01-08 20:03:05,713 INFO o.a.j.e.StandardJMeterEngine: Notifying test listeners of end of test
2023-01-08 20:03:05,713 INFO o.a.j.g.u.JMeterMenuBar: setRunning(false, *local*)
